<?xml version="1.0" encoding="UTF-8"?>
<!-- Generated by org.testng.reporters.JUnitReportReporter -->
<testsuite hostname="DESKTOP-BS2LNPE" failures="0" tests="1" name="com.notion.testscript.TestFileUpload" time="4.856" errors="0" timestamp="2023-06-19T17:15:24 IST" skipped="0">
  <testcase classname="com.notion.testscript.TestFileUpload" name="testFileUpload" time="4.856"/>
</testsuite> <!-- com.notion.testscript.TestFileUpload -->
